<?xml version="1.0" encoding="UTF-8"?>
<!-- Generated by org.testng.reporters.JUnitReportReporter -->
<testsuite hostname="DESKTOP-R932TQO" failures="0" tests="1" name="academyTest.NavigationBarValidation" time="0.095" errors="0" timestamp="2021-03-12T00:13:19 PST" skipped="0">
  <testcase classname="academyTest.NavigationBarValidation" name="baseNavigation" time="0.095"/>
  <system-out/>
</testsuite> <!-- academyTest.NavigationBarValidation -->
