<?xml version="1.0" encoding="UTF-8"?>
<!-- Generated by org.testng.reporters.JUnitReportReporter -->
<testsuite hostname="DESKTOP-R932TQO" failures="0" tests="1" name="academyTest.HomePage" time="9.247" errors="0" timestamp="2021-03-07T18:08:16 PST" skipped="0">
  <testcase classname="academyTest.HomePage" name="baseNavigation" time="9.247"/>
  <system-out/>
</testsuite> <!-- academyTest.HomePage -->
